# JRE version: OpenJDK Runtime Environment (20.0+36) (build 20+36-2344)
# Java VM: OpenJDK 64-Bit Server VM (20+36-2344, mixed mode, sharing, tiered, compressed oops, compressed class ptrs, g1 gc, windows-amd64)
GC Precious Log:
 CardTable entry size: 512
 Card Set container configuration: InlinePtr #cards 5 size 8 Array Of Cards #cards 12 size 40 Howl #buckets 4 coarsen threshold 1843 Howl Bitmap #cards 512 size 80 coarsen threshold 460 Card regions per heap region 1 cards per card region 2048
 CPUs: 8 total, 8 available
 Memory: 7886M
 Large Page Support: Disabled
 NUMA Support: Disabled
 Compressed Oops: Enabled (32-bit)
 Heap Region Size: 1M
 Heap Min Capacity: 8M
 Heap Initial Capacity: 124M
 Heap Max Capacity: 1972M
 Pre-touch: Disabled
 Parallel Workers: 8
 Concurrent Workers: 2
 Concurrent Refinement Workers: 8
 Periodic GC: Disabled
Heap:
 garbage-first heap   total 112640K, used 66606K [0x0000000084c00000, 0x0000000100000000)
  region size 1024K, 33 young (33792K), 1 survivors (1024K)
 Metaspace       used 83915K, committed 84672K, reserved 1179648K
  class space    used 10982K, committed 11456K, reserved 1048576K
GC Heap History (20 events):
Event: 20407.262 GC heap before
{Heap before GC invocations=82 (full 0):
 garbage-first heap   total 112640K, used 101602K [0x0000000084c00000, 0x0000000100000000)
  region size 1024K, 66 young (67584K), 1 survivors (1024K)
 Metaspace       used 83903K, committed 84672K, reserved 1179648K
  class space    used 10980K, committed 11456K, reserved 1048576K
}
Event: 20407.263 GC heap after
{Heap after GC invocations=83 (full 0):
 garbage-first heap   total 112640K, used 36174K [0x0000000084c00000, 0x0000000100000000)
  region size 1024K, 1 young (1024K), 1 survivors (1024K)
 Metaspace       used 83903K, committed 84672K, reserved 1179648K
  class space    used 10980K, committed 11456K, reserved 1048576K
}
Event: 20407.831 GC heap before
{Heap before GC invocations=84 (full 0):
 garbage-first heap   total 112640K, used 101710K [0x0000000084c00000, 0x0000000100000000)
  region size 1024K, 66 young (67584K), 1 survivors (1024K)
 Metaspace       used 83903K, committed 84672K, reserved 1179648K
  class space    used 10980K, committed 11456K, reserved 1048576K
}
Event: 20407.832 GC heap after
{Heap after GC invocations=85 (full 0):
 garbage-first heap   total 112640K, used 36168K [0x0000000084c00000, 0x0000000100000000)
  region size 1024K, 1 young (1024K), 1 survivors (1024K)
 Metaspace       used 83903K, committed 84672K, reserved 1179648K
  class space    used 10980K, committed 11456K, reserved 1048576K
}
Event: 20408.443 GC heap before
{Heap before GC invocations=85 (full 0):
 garbage-first heap   total 112640K, used 102728K [0x0000000084c00000, 0x0000000100000000)
  region size 1024K, 66 young (67584K), 1 survivors (1024K)
 Metaspace       used 83905K, committed 84672K, reserved 1179648K
  class space    used 10980K, committed 11456K, reserved 1048576K
}
Event: 20408.448 GC heap after
{Heap after GC invocations=86 (full 0):
 garbage-first heap   total 112640K, used 35955K [0x0000000084c00000, 0x0000000100000000)
  region size 1024K, 1 young (1024K), 1 survivors (1024K)
 Metaspace       used 83905K, committed 84672K, reserved 1179648K
  class space    used 10980K, committed 11456K, reserved 1048576K
}
Event: 20409.877 GC heap before
{Heap before GC invocations=86 (full 0):
 garbage-first heap   total 112640K, used 102515K [0x0000000084c00000, 0x0000000100000000)
  region size 1024K, 66 young (67584K), 1 survivors (1024K)
 Metaspace       used 83907K, committed 84672K, reserved 1179648K
  class space    used 10981K, committed 11456K, reserved 1048576K
}
Event: 20409.878 GC heap after
{Heap after GC invocations=87 (full 0):
 garbage-first heap   total 112640K, used 35995K [0x0000000084c00000, 0x0000000100000000)
  region size 1024K, 1 young (1024K), 1 survivors (1024K)
 Metaspace       used 83907K, committed 84672K, reserved 1179648K
  class space    used 10981K, committed 11456K, reserved 1048576K
}
Event: 20411.220 GC heap before
{Heap before GC invocations=88 (full 0):
 garbage-first heap   total 112640K, used 102555K [0x0000000084c00000, 0x0000000100000000)
  region size 1024K, 66 young (67584K), 1 survivors (1024K)
 Metaspace       used 83908K, committed 84672K, reserved 1179648K
  class space    used 10981K, committed 11456K, reserved 1048576K
}
Event: 20411.221 GC heap after
{Heap after GC invocations=89 (full 0):
 garbage-first heap   total 112640K, used 36008K [0x0000000084c00000, 0x0000000100000000)
  region size 1024K, 1 young (1024K), 1 survivors (1024K)
 Metaspace       used 83908K, committed 84672K, reserved 1179648K
  class space    used 10981K, committed 11456K, reserved 1048576K
}
Event: 20412.985 GC heap before
{Heap before GC invocations=89 (full 0):
 garbage-first heap   total 112640K, used 101544K [0x0000000084c00000, 0x0000000100000000)
  region size 1024K, 66 young (67584K), 1 survivors (1024K)
 Metaspace       used 83909K, committed 84672K, reserved 1179648K
  class space    used 10981K, committed 11456K, reserved 1048576K
}
Event: 20412.988 GC heap after
{Heap after GC invocations=90 (full 0):
 garbage-first heap   total 112640K, used 35944K [0x0000000084c00000, 0x0000000100000000)
  region size 1024K, 1 young (1024K), 1 survivors (1024K)
 Metaspace       used 83909K, committed 84672K, reserved 1179648K
  class space    used 10981K, committed 11456K, reserved 1048576K
}
Event: 20414.778 GC heap before
{Heap before GC invocations=90 (full 0):
 garbage-first heap   total 112640K, used 101480K [0x0000000084c00000, 0x0000000100000000)
  region size 1024K, 66 young (67584K), 1 survivors (1024K)
 Metaspace       used 83914K, committed 84672K, reserved 1179648K
  class space    used 10982K, committed 11456K, reserved 1048576K
}
Event: 20414.779 GC heap after
{Heap after GC invocations=91 (full 0):
 garbage-first heap   total 112640K, used 35960K [0x0000000084c00000, 0x0000000100000000)
  region size 1024K, 1 young (1024K), 1 survivors (1024K)
 Metaspace       used 83914K, committed 84672K, reserved 1179648K
  class space    used 10982K, committed 11456K, reserved 1048576K
}
Event: 20415.455 GC heap before
{Heap before GC invocations=92 (full 0):
 garbage-first heap   total 112640K, used 102520K [0x0000000084c00000, 0x0000000100000000)
  region size 1024K, 66 young (67584K), 1 survivors (1024K)
 Metaspace       used 83914K, committed 84672K, reserved 1179648K
  class space    used 10982K, committed 11456K, reserved 1048576K
}
Event: 20415.456 GC heap after
{Heap after GC invocations=93 (full 0):
 garbage-first heap   total 112640K, used 36027K [0x0000000084c00000, 0x0000000100000000)
  region size 1024K, 1 young (1024K), 1 survivors (1024K)
 Metaspace       used 83914K, committed 84672K, reserved 1179648K
  class space    used 10982K, committed 11456K, reserved 1048576K
}
Event: 20417.199 GC heap before
{Heap before GC invocations=93 (full 0):
 garbage-first heap   total 112640K, used 102587K [0x0000000084c00000, 0x0000000100000000)
  region size 1024K, 66 young (67584K), 1 survivors (1024K)
 Metaspace       used 83915K, committed 84672K, reserved 1179648K
  class space    used 10982K, committed 11456K, reserved 1048576K
}
Event: 20417.203 GC heap after
{Heap after GC invocations=94 (full 0):
 garbage-first heap   total 112640K, used 35799K [0x0000000084c00000, 0x0000000100000000)
  region size 1024K, 1 young (1024K), 1 survivors (1024K)
 Metaspace       used 83915K, committed 84672K, reserved 1179648K
  class space    used 10982K, committed 11456K, reserved 1048576K
}
Event: 20418.293 GC heap before
{Heap before GC invocations=94 (full 0):
 garbage-first heap   total 112640K, used 102359K [0x0000000084c00000, 0x0000000100000000)
  region size 1024K, 66 young (67584K), 1 survivors (1024K)
 Metaspace       used 83915K, committed 84672K, reserved 1179648K
  class space    used 10982K, committed 11456K, reserved 1048576K
}
Event: 20418.294 GC heap after
{Heap after GC invocations=95 (full 0):
 garbage-first heap   total 112640K, used 35886K [0x0000000084c00000, 0x0000000100000000)
  region size 1024K, 1 young (1024K), 1 survivors (1024K)
 Metaspace       used 83915K, committed 84672K, reserved 1179648K
  class space    used 10982K, committed 11456K, reserved 1048576K
}

